<?xml version="1.0" encoding="UTF-8"?>
<!-- Generated by org.testng.reporters.JUnitXMLReporter -->
<testsuite hostname="RITHWIK-PC" name="testNG_Topics" tests="4" failures="0" timestamp="11 Jun 2018 18:29:23 GMT" time="27.986" errors="0">
  <testcase name="@BeforeMethod setup" time="0.0" classname="testNG_Topics.Parameterization">
    <failure type="org.openqa.selenium.WebDriverException" message="Timed out waiting for driver server to start.
Build info: version: &amp;apos;3.11.0&amp;apos;, revision: &amp;apos;e59cfb3&amp;apos;, time: &amp;apos;2018-03-11T20:33:08.638Z&amp;apos;
System info: host: &amp;apos;RITHWIK-PC&amp;apos;, ip: &amp;apos;10.20.20.80&amp;apos;, os.name: &amp;apos;Windows 10&amp;apos;, os.arch: &amp;apos;amd64&amp;apos;, os.version: &amp;apos;10.0&amp;apos;, java.version: &amp;apos;1.8.0_161&amp;apos;
Driver info: driver.version: ChromeDriver">
      <![CDATA[org.openqa.selenium.WebDriverException: Timed out waiting for driver server to start.
Build info: version: '3.11.0', revision: 'e59cfb3', time: '2018-03-11T20:33:08.638Z'
System info: host: 'RITHWIK-PC', ip: '10.20.20.80', os.name: 'Windows 10', os.arch: 'amd64', os.version: '10.0', java.version: '1.8.0_161'
Driver info: driver.version: ChromeDriver
	at org.openqa.selenium.remote.service.DriverService.waitUntilAvailable(DriverService.java:192)
	at org.openqa.selenium.remote.service.DriverService.start(DriverService.java:178)
	at org.openqa.selenium.remote.service.DriverCommandExecutor.execute(DriverCommandExecutor.java:79)
	at org.openqa.selenium.remote.RemoteWebDriver.execute(RemoteWebDriver.java:545)
	at org.openqa.selenium.remote.RemoteWebDriver.startSession(RemoteWebDriver.java:209)
	at org.openqa.selenium.remote.RemoteWebDriver.<init>(RemoteWebDriver.java:132)
	at org.openqa.selenium.chrome.ChromeDriver.<init>(ChromeDriver.java:181)
	at org.openqa.selenium.chrome.ChromeDriver.<init>(ChromeDriver.java:168)
	at org.openqa.selenium.chrome.ChromeDriver.<init>(ChromeDriver.java:123)
	at testNG_Topics.Parameterization.setup(Parameterization.java:23)
Caused by: org.openqa.selenium.net.UrlChecker$TimeoutException: Timed out waiting for [http://localhost:46111/status] to be available after 20067 ms
	at org.openqa.selenium.net.UrlChecker.waitUntilAvailable(UrlChecker.java:100)
	at org.openqa.selenium.remote.service.DriverService.waitUntilAvailable(DriverService.java:187)
	... 35 more
Caused by: java.util.concurrent.TimeoutException
	at java.util.concurrent.FutureTask.get(FutureTask.java:205)
	at com.google.common.util.concurrent.SimpleTimeLimiter.callWithTimeout(SimpleTimeLimiter.java:148)
	at org.openqa.selenium.net.UrlChecker.waitUntilAvailable(UrlChecker.java:75)
	... 36 more
... Removed 26 stack frames]]>
    </failure>
  </testcase> <!-- @BeforeMethod setup -->
  <testcase name="@AfterMethod closes" time="0.0" classname="testNG_Topics.Parameterization">
    <skipped/>
  </testcase> <!-- @AfterMethod closes -->
  <testcase name="@BeforeMethod setup" time="0.0" classname="testNG_Topics.Parameterization">
    <skipped/>
  </testcase> <!-- @BeforeMethod setup -->
  <testcase name="@AfterMethod closes" time="0.0" classname="testNG_Topics.Parameterization">
    <skipped/>
  </testcase> <!-- @AfterMethod closes -->
  <testcase name="Admissions" time="0.008" classname="testNG_Topics.Parameterization">
    <skipped/>
  </testcase> <!-- Admissions -->
  <testcase name="Graduate" time="0.006" classname="testNG_Topics.Parameterization">
    <skipped/>
  </testcase> <!-- Graduate -->
  <testcase name="OnCampus" time="0.001" classname="testNG_Topics.Parameterization">
    <skipped/>
  </testcase> <!-- OnCampus -->
  <testcase name="CarrerDevelopment" time="0.0" classname="testNG_Topics.Parameterization">
    <skipped/>
  </testcase> <!-- CarrerDevelopment -->
</testsuite> <!-- testNG_Topics -->
