<!DOCTYPE html PUBLIC "-//W3C//DTD XHTML 1.1//EN" "http://www.w3.org/TR/xhtml11/DTD/xhtml11.dtd">
<html xmlns="http://www.w3.org/1999/xhtml"><head><title>TestNG Report</title><style type="text/css">table {margin-bottom:10px;border-collapse:collapse;empty-cells:show}th,td {border:1px solid #009;padding:.25em .5em}th {vertical-align:bottom}td {vertical-align:top}table a {font-weight:bold}.stripe td {background-color: #E6EBF9}.num {text-align:right}.passedodd td {background-color: #3F3}.passedeven td {background-color: #0A0}.skippedodd td {background-color: #DDD}.skippedeven td {background-color: #CCC}.failedodd td,.attn {background-color: #F33}.failedeven td,.stripe .attn {background-color: #D00}.stacktrace {white-space:pre;font-family:monospace}.totop {font-size:85%;text-align:center;border-bottom:2px solid #000}</style></head><body><table><tr><th>Test</th><th># Passed</th><th># Skipped</th><th># Failed</th><th>Time (ms)</th><th>Included Groups</th><th>Excluded Groups</th></tr><tr><th colspan="7">Rivier</th></tr><tr><td><a href="#t0">testNG_Topics</a></td><td class="num">0</td><td class="num attn">4</td><td class="num">0</td><td class="num">27,986</td><td></td><td></td></tr></table><table><thead><tr><th>Class</th><th>Method</th><th>Start</th><th>Time (ms)</th></tr></thead><tbody><tr><th colspan="4">Rivier</th></tr></tbody><tbody id="t0"><tr><th colspan="4">testNG_Topics &#8212; failed (configuration methods)</th></tr><tr class="failedeven"><td rowspan="1">testNG_Topics.Parameterization</td><td><a href="#m0">setup</a></td><td rowspan="1">1528741733678</td><td rowspan="1">0</td></tr><tr><th colspan="4">testNG_Topics &#8212; skipped (configuration methods)</th></tr><tr class="skippedeven"><td rowspan="3">testNG_Topics.Parameterization</td><td><a href="#m1">closes</a></td><td rowspan="2">1528741761215</td><td rowspan="2">0</td></tr><tr class="skippedeven"><td><a href="#m2">closes</a></td></tr><tr class="skippedeven"><td><a href="#m3">setup</a></td><td rowspan="1">1528741761223</td><td rowspan="1">0</td></tr><tr><th colspan="4">testNG_Topics &#8212; skipped</th></tr><tr class="skippedeven"><td rowspan="4">testNG_Topics.Parameterization</td><td><a href="#m4">Admissions</a></td><td rowspan="1">1528741761134</td><td rowspan="1">8</td></tr><tr class="skippedeven"><td><a href="#m5">CarrerDevelopment</a></td><td rowspan="1">1528741761559</td><td rowspan="1">0</td></tr><tr class="skippedeven"><td><a href="#m6">Graduate</a></td><td rowspan="1">1528741761232</td><td rowspan="1">6</td></tr><tr class="skippedeven"><td><a href="#m7">OnCampus</a></td><td rowspan="1">1528741761545</td><td rowspan="1">1</td></tr></tbody></table><h2>testNG_Topics</h2><h3 id="m0">testNG_Topics.Parameterization#setup</h3><table class="result"><tr class="param"><th>Parameter #1</th><th>Parameter #2</th><th>Parameter #3</th></tr><tr class="param stripe"><td>Chrome</td><td>https://google.com</td><td>https://www.rivier.edu</td></tr><tr><th colspan="3">Exception</th></tr><tr><td colspan="3"><div class="stacktrace">org.openqa.selenium.WebDriverException: Timed out waiting for driver server to start.
Build info: version: &apos;3.11.0&apos;, revision: &apos;e59cfb3&apos;, time: &apos;2018-03-11T20:33:08.638Z&apos;
System info: host: &apos;RITHWIK-PC&apos;, ip: &apos;10.20.20.80&apos;, os.name: &apos;Windows 10&apos;, os.arch: &apos;amd64&apos;, os.version: &apos;10.0&apos;, java.version: &apos;1.8.0_161&apos;
Driver info: driver.version: ChromeDriver
	at org.openqa.selenium.remote.service.DriverService.waitUntilAvailable(DriverService.java:192)
	at org.openqa.selenium.remote.service.DriverService.start(DriverService.java:178)
	at org.openqa.selenium.remote.service.DriverCommandExecutor.execute(DriverCommandExecutor.java:79)
	at org.openqa.selenium.remote.RemoteWebDriver.execute(RemoteWebDriver.java:545)
	at org.openqa.selenium.remote.RemoteWebDriver.startSession(RemoteWebDriver.java:209)
	at org.openqa.selenium.remote.RemoteWebDriver.&lt;init&gt;(RemoteWebDriver.java:132)
	at org.openqa.selenium.chrome.ChromeDriver.&lt;init&gt;(ChromeDriver.java:181)
	at org.openqa.selenium.chrome.ChromeDriver.&lt;init&gt;(ChromeDriver.java:168)
	at org.openqa.selenium.chrome.ChromeDriver.&lt;init&gt;(ChromeDriver.java:123)
	at testNG_Topics.Parameterization.setup(Parameterization.java:23)
Caused by: org.openqa.selenium.net.UrlChecker$TimeoutException: Timed out waiting for [http://localhost:46111/status] to be available after 20067 ms
	at org.openqa.selenium.net.UrlChecker.waitUntilAvailable(UrlChecker.java:100)
	at org.openqa.selenium.remote.service.DriverService.waitUntilAvailable(DriverService.java:187)
	... 35 more
Caused by: java.util.concurrent.TimeoutException
	at java.util.concurrent.FutureTask.get(FutureTask.java:205)
	at com.google.common.util.concurrent.SimpleTimeLimiter.callWithTimeout(SimpleTimeLimiter.java:148)
	at org.openqa.selenium.net.UrlChecker.waitUntilAvailable(UrlChecker.java:75)
	... 36 more
... Removed 26 stack frames</div></td></tr></table><p class="totop"><a href="#summary">back to summary</a></p><h3 id="m1">testNG_Topics.Parameterization#closes</h3><table class="result"></table><p class="totop"><a href="#summary">back to summary</a></p><h3 id="m2">testNG_Topics.Parameterization#closes</h3><table class="result"></table><p class="totop"><a href="#summary">back to summary</a></p><h3 id="m3">testNG_Topics.Parameterization#setup</h3><table class="result"></table><p class="totop"><a href="#summary">back to summary</a></p><h3 id="m4">testNG_Topics.Parameterization#Admissions</h3><table class="result"></table><p class="totop"><a href="#summary">back to summary</a></p><h3 id="m5">testNG_Topics.Parameterization#CarrerDevelopment</h3><table class="result"><tr><th>Exception</th></tr><tr><td><div class="stacktrace">java.lang.Throwable: Method Parameterization.CarrerDevelopment()[pri:0, instance:testNG_Topics.Parameterization@26be92ad] depends on not successfully finished methods
... Removed 17 stack frames</div></td></tr></table><p class="totop"><a href="#summary">back to summary</a></p><h3 id="m6">testNG_Topics.Parameterization#Graduate</h3><table class="result"></table><p class="totop"><a href="#summary">back to summary</a></p><h3 id="m7">testNG_Topics.Parameterization#OnCampus</h3><table class="result"><tr><th>Exception</th></tr><tr><td><div class="stacktrace">java.lang.Throwable: Method Parameterization.OnCampus()[pri:0, instance:testNG_Topics.Parameterization@26be92ad] depends on not successfully finished methods
... Removed 17 stack frames</div></td></tr></table><p class="totop"><a href="#summary">back to summary</a></p></body></html>